<?xml version="1.0" encoding="UTF-8"?>
<!-- Generated by org.testng.reporters.JUnitXMLReporter -->
<testsuite hostname="DESKTOP-II4GI5H" ignored="0" name="Use is able to select the Currency of item Price" tests="2" failures="0" timestamp="2020-11-05T14:40:25 CST" time="28.891" errors="0">
  <testcase name="currencyValidation" time="9.822" classname="Tests.currencyTest"/>
  <testcase name="currencyValidation" time="9.744" classname="Tests.currencyTest"/>
</testsuite> <!-- Use is able to select the Currency of item Price -->
