<?xml version="1.0" encoding="UTF-8"?>
<!-- Generated by org.testng.reporters.JUnitXMLReporter -->
<testsuite hostname="DESKTOP-II4GI5H" ignored="0" name="Use is able to select the Currency of item Price" tests="2" failures="0" timestamp="2020-11-05T21:55:04 CST" time="30.546" errors="0">
  <testcase name="currencyValidation" time="11.326" classname="Tests.currencyTest"/>
  <testcase name="currencyValidation" time="10.952" classname="Tests.currencyTest"/>
</testsuite> <!-- Use is able to select the Currency of item Price -->
