<?xml version="1.0" encoding="UTF-8"?>
<testng-results skipped="0" failed="0" ignored="0" total="1" passed="1">
  <reporter-output>
  </reporter-output>
  <suite name="Command line suite" duration-ms="9365" started-at="2020-10-30T14:53:18 CST" finished-at="2020-10-30T14:53:27 CST">
    <groups>
    </groups>
    <test name="Command line test" duration-ms="9365" started-at="2020-10-30T14:53:18 CST" finished-at="2020-10-30T14:53:27 CST">
      <class name="Tests.registerTest">
        <test-method status="PASS" signature="setUpTest()[pri:0, instance:Tests.registerTest@5700d6b1]" name="setUpTest" is-config="true" duration-ms="4982" started-at="2020-10-30T14:53:18 CST" finished-at="2020-10-30T14:53:23 CST">
          <reporter-output>
          </reporter-output>
        </test-method> <!-- setUpTest -->
        <test-method status="PASS" signature="doRegister()[pri:0, instance:Tests.registerTest@5700d6b1]" name="doRegister" duration-ms="3386" started-at="2020-10-30T14:53:23 CST" finished-at="2020-10-30T14:53:26 CST">
          <reporter-output>
          </reporter-output>
        </test-method> <!-- doRegister -->
        <test-method status="PASS" signature="tearDown()[pri:0, instance:Tests.registerTest@5700d6b1]" name="tearDown" is-config="true" duration-ms="944" started-at="2020-10-30T14:53:26 CST" finished-at="2020-10-30T14:53:27 CST">
          <reporter-output>
          </reporter-output>
        </test-method> <!-- tearDown -->
      </class> <!-- Tests.registerTest -->
    </test> <!-- Command line test -->
  </suite> <!-- Command line suite -->
</testng-results>
