<?xml version="1.0" encoding="UTF-8"?>
<testng-results skipped="0" failed="0" ignored="0" total="1" passed="1">
  <reporter-output>
  </reporter-output>
  <suite name="Command line suite" duration-ms="14104" started-at="2020-10-25T21:40:40 CST" finished-at="2020-10-25T21:40:55 CST">
    <groups>
    </groups>
    <test name="Command line test" duration-ms="14104" started-at="2020-10-25T21:40:40 CST" finished-at="2020-10-25T21:40:55 CST">
      <class name="Tests.loginTest">
        <test-method status="PASS" signature="setUpTest()[pri:0, instance:Tests.loginTest@1ce92674]" name="setUpTest" is-config="true" duration-ms="4906" started-at="2020-10-25T21:40:41 CST" finished-at="2020-10-25T21:40:45 CST">
          <reporter-output>
          </reporter-output>
        </test-method> <!-- setUpTest -->
        <test-method status="PASS" signature="doLogin()[pri:0, instance:Tests.loginTest@1ce92674]" name="doLogin" duration-ms="8355" started-at="2020-10-25T21:40:45 CST" finished-at="2020-10-25T21:40:54 CST">
          <reporter-output>
          </reporter-output>
        </test-method> <!-- doLogin -->
        <test-method status="PASS" signature="tearDown()[pri:0, instance:Tests.loginTest@1ce92674]" name="tearDown" is-config="true" duration-ms="785" started-at="2020-10-25T21:40:54 CST" finished-at="2020-10-25T21:40:55 CST">
          <reporter-output>
          </reporter-output>
        </test-method> <!-- tearDown -->
      </class> <!-- Tests.loginTest -->
    </test> <!-- Command line test -->
  </suite> <!-- Command line suite -->
</testng-results>
