<?xml version="1.0" encoding="UTF-8"?>
<!-- Generated by org.testng.reporters.JUnitXMLReporter -->
<testsuite hostname="DESKTOP-II4GI5H" ignored="0" name="User Could not Purchase out of Stock Items" tests="2" failures="0" timestamp="2020-11-05T14:39:48 CST" time="27.051" errors="0">
  <testcase name="addItemToCartAsAnonymous" time="7.891" classname="Tests.cartTest"/>
  <testcase name="addItemToCartAsAnonymous" time="7.054" classname="Tests.cartTest"/>
</testsuite> <!-- User Could not Purchase out of Stock Items -->
